{"C:\\Users\\Avanade\\Desktop\\equality-bank-back\\src\\main.ts": {"path":"C:\\Users\\Avanade\\Desktop\\equality-bank-back\\src\\main.ts","statementMap":{"0":{"start":{"line":1,"column":0},"end":{"line":1,"column":30}},"1":{"start":{"line":2,"column":0},"end":{"line":2,"column":28}},"2":{"start":{"line":4,"column":0},"end":{"line":4,"column":16}},"3":{"start":{"line":6,"column":13},"end":{"line":22,"column":1}},"4":{"start":{"line":7,"column":17},"end":{"line":10,"column":4}},"5":{"start":{"line":12,"column":2},"end":{"line":18,"column":5}},"6":{"start":{"line":16,"column":6},"end":{"line":16,"column":28}},"7":{"start":{"line":20,"column":2},"end":{"line":20,"column":23}},"8":{"start":{"line":21,"column":2},"end":{"line":21,"column":55}},"9":{"start":{"line":24,"column":0},"end":{"line":27,"column":3}},"10":{"start":{"line":25,"column":2},"end":{"line":25,"column":19}},"11":{"start":{"line":26,"column":2},"end":{"line":26,"column":18}},"12":{"start":{"line":29,"column":0},"end":{"line":29,"column":7}}},"fnMap":{"0":{"name":"(anonymous_1)","decl":{"start":{"line":6,"column":13},"end":{"line":6,"column":18}},"loc":{"start":{"line":6,"column":24},"end":{"line":22,"column":1}}},"1":{"name":"(anonymous_2)","decl":{"start":{"line":15,"column":13},"end":{"line":15,"column":14}},"loc":{"start":{"line":15,"column":28},"end":{"line":17,"column":5}}},"2":{"name":"(anonymous_3)","decl":{"start":{"line":24,"column":33},"end":{"line":24,"column":36}},"loc":{"start":{"line":24,"column":39},"end":{"line":27,"column":1}}}},"branchMap":{},"s":{"0":0,"1":0,"2":0,"3":0,"4":0,"5":0,"6":0,"7":0,"8":0,"9":0,"10":0,"11":0,"12":0},"f":{"0":0,"1":0,"2":0},"b":{}}
}
